<?xml version="1.0" encoding="UTF-8"?>
<robot generator="Robot 3.2.2 (Python 3.8.2 on win32)" generated="20201129 18:19:00.083" rpa="false">
<suite id="s1" name="Test" source="C:\Users\tokar\Desktop\Programm\test.robot">
<test id="s1-t1" name="Running of python script">
<kw name="Start Process" library="Process">
<doc>Starts a new process on background.</doc>
<arguments>
<arg>python</arg>
<arg>server.py</arg>
</arguments>
<msg timestamp="20201129 18:19:00.133" level="INFO">Starting process:
python server.py</msg>
<status status="PASS" starttime="20201129 18:19:00.133" endtime="20201129 18:19:00.138"></status>
</kw>
<kw name="Start Process" library="Process">
<doc>Starts a new process on background.</doc>
<arguments>
<arg>python</arg>
<arg>client.py</arg>
</arguments>
<msg timestamp="20201129 18:19:00.140" level="INFO">Starting process:
python client.py</msg>
<status status="PASS" starttime="20201129 18:19:00.139" endtime="20201129 18:19:00.144"></status>
</kw>
<status status="PASS" starttime="20201129 18:19:00.132" endtime="20201129 18:19:00.147" critical="yes"></status>
</test>
<status status="PASS" starttime="20201129 18:19:00.083" endtime="20201129 18:19:00.149"></status>
</suite>
<statistics>
<total>
<stat pass="1" fail="0">Critical Tests</stat>
<stat pass="1" fail="0">All Tests</stat>
</total>
<tag>
</tag>
<suite>
<stat pass="1" fail="0" id="s1" name="Test">Test</stat>
</suite>
</statistics>
<errors>
</errors>
</robot>
